<?xml version="1.0" encoding="UTF-8"?>
<!-- Generated by org.testng.reporters.JUnitXMLReporter -->
<testsuite ignored="0" hostname="LAPTOP-MNGU4OV9" failures="0" tests="10" name="Default test" time="23.584" errors="0" timestamp="2024-01-21T23:48:48 IST">
  <testcase classname="testCases.HybridExecuteTest" name="testLogin" time="4.93"/>
  <testcase classname="testCases.HybridExecuteTest" name="testLogin" time="5.703"/>
  <testcase classname="testCases.HybridExecuteTest" name="testLogin" time="0.15"/>
  <testcase classname="testCases.HybridExecuteTest" name="testLogin" time="0.082"/>
  <testcase classname="testCases.HybridExecuteTest" name="testLogin" time="0.305"/>
  <testcase classname="testCases.HybridExecuteTest" name="testLogin" time="4.217"/>
  <testcase classname="testCases.HybridExecuteTest" name="testLogin" time="6.588"/>
  <testcase classname="testCases.HybridExecuteTest" name="testLogin" time="0.159"/>
  <testcase classname="testCases.HybridExecuteTest" name="testLogin" time="0.065"/>
  <testcase classname="testCases.HybridExecuteTest" name="testLogin" time="0.277"/>
</testsuite> <!-- Default test -->
