<?xml version="1.0" encoding="UTF-8"?>
<testng-results ignored="0" total="1" passed="1" failed="0" skipped="0">
  <reporter-output>
  </reporter-output>
  <suite started-at="2024-01-25T07:34:04 IST" name="Default suite" finished-at="2024-01-25T07:34:39 IST" duration-ms="35511">
    <groups>
    </groups>
    <test started-at="2024-01-25T07:34:04 IST" name="Default test" finished-at="2024-01-25T07:34:39 IST" duration-ms="35511">
      <class name="testCases.ExecuteTest">
        <test-method signature="testLogin()[pri:0, instance:testCases.ExecuteTest@50b472aa]" started-at="2024-01-25T07:34:04 IST" name="testLogin" finished-at="2024-01-25T07:34:39 IST" duration-ms="35432" status="PASS">
          <reporter-output>
          </reporter-output>
        </test-method> <!-- testLogin -->
      </class> <!-- testCases.ExecuteTest -->
    </test> <!-- Default test -->
  </suite> <!-- Default suite -->
</testng-results>
